# Progress log — 120 queries
# Started: 2026-04-10 21:20:07
# qid                  status    latency  tools   cov error
# -------------------- -------- -------- ------ ----- --------------------
  golden_q01           OK          34.2s      5  1.00 
  golden_q02           OK          33.9s      5  1.00 
  golden_q03           OK          20.6s      4  1.00 
  golden_q04           OK          37.9s      4  1.00 
  golden_q05           OK          41.8s      5  1.00 
  golden_q06           OK          44.8s      4  1.00 
  golden_q07           OK          44.0s      4  1.00 
  golden_q08           OK          41.5s      4  0.75 
  golden_q09           OK          21.3s      4  1.00 
  golden_q10           OK          26.8s      4  1.00 
  golden_q11           OK          30.3s      6  0.43 
  golden_q12           OK          28.6s      4  1.00 
  golden_q13           OK          41.3s      5  0.75 
  golden_q14           OK          62.6s      6  0.51 
  golden_q15           OK          21.1s      3  0.00 
  golden_q16           OK          23.0s      3  0.00 
  golden_q17           OK          15.1s      2  0.00 
  golden_q18           OK           7.9s      2  0.00 
  golden_q19           OK          21.4s      4  1.00 
  golden_q20           OK          33.9s      5  1.00 
  golden_q21           OK           9.1s      2  0.00 
  golden_q22           OK          10.0s      2  0.00 
  golden_q23           OK           8.8s      2  0.00 
  golden_q24           OK           9.3s      2  0.00 
  golden_q25           OK          45.6s      5  0.75 
  golden_q26           OK          11.3s      2  0.00 
  golden_q27           OK           6.4s      2  0.00 
  golden_q28           OK           9.1s      2  0.00 
  golden_q29           OK          10.1s      2  0.00 
  golden_q30           OK          10.2s      2  0.00 
  golden_v2_q31        OK          12.8s      2  0.00 
  golden_v2_q32        OK          10.1s      2  0.00 
  golden_v2_q33        OK          16.7s      1  0.00 
  golden_v2_q34        OK          12.0s      2  0.00 
  golden_v2_q35        OK           9.3s      1  0.00 
  golden_v2_q36        OK          11.1s      2  0.00 
  golden_v3_q038       OK          51.9s      6  0.75 
  golden_v3_q039       OK          29.5s      5  0.75 
  golden_v3_q040       OK          27.6s      6  0.43 
  golden_v3_q041       OK          54.1s      6  0.77 
  golden_v3_q042       OK          14.7s      4  1.00 
  golden_v3_q043       OK          26.6s      6  0.49 
  golden_v3_q044       OK          31.3s      5  0.75 
  golden_v3_q045       OK          40.5s      5  0.75 
  golden_v3_q046       OK          17.6s      4  1.00 
  golden_v3_q047       OK          25.3s      5  0.75 
  golden_v3_q048       OK          28.7s      5  0.75 
  golden_v3_q049       OK          50.4s      6  0.52 
  golden_v3_q051       OK          30.3s      5  0.75 
  golden_v3_q052       OK           7.8s      2  0.00 
  golden_v3_q053       OK          31.2s      5  0.80 
  golden_v3_q054       OK          58.8s      7  0.71 
  golden_v3_q056       OK          46.1s      6  0.57 
  golden_v3_q057       OK          39.2s      5  0.75 
  golden_v3_q058       OK          27.0s      6  0.48 
  golden_v3_q060       OK          33.2s      5  0.75 
  golden_v3_q061       OK          28.4s      6  0.58 
  golden_v3_q062       OK          56.1s      6  0.74 
  golden_v3_q063       OK          33.8s      6  0.38 
  golden_v3_q064       OK          31.6s      6  0.44 
  golden_v3_q065       OK          32.5s      5  1.00 
  golden_v3_q067       OK          28.1s      6  0.37 
  golden_v3_q068       OK          37.8s      5  0.75 
  golden_v3_q069       OK          29.4s      6  0.52 
  golden_v3_q070       OK          30.1s      5  0.75 
  golden_v3_q071       OK          45.6s      6  0.59 
  golden_v3_q072       OK          51.9s      6  0.53 
  golden_v3_q073       OK          45.1s      6  0.46 
  golden_v3_q074       OK          36.3s      5  1.00 
  golden_v3_q075       OK          61.3s      7  0.67 
  golden_v3_q076       OK          31.7s      5  0.75 
  golden_v3_q077       OK          27.2s      4  1.00 
  golden_v3_q078       OK          25.0s      4  1.00 
  golden_v3_q079       OK          26.0s      4  0.80 
  golden_v3_q080       OK          16.1s      2  0.00 
  golden_v3_q081       OK          15.5s      2  0.00 
  golden_v3_q082       OK          12.9s      2  0.00 
  golden_v3_q083       OK          14.0s      2  0.00 
  golden_v3_q084       OK          14.8s      2  0.00 
  golden_v3_q085       OK          15.6s      2  0.00 
  golden_v3_q086       OK          14.7s      2  0.00 
  golden_v3_q087       OK          14.5s      2  0.00 
  golden_v3_q088       OK          11.5s      2  0.00 
  golden_v3_q089       OK           6.2s      2  0.00 
  golden_v3_q090       OK           6.6s      2  0.00 
  golden_v3_q091       OK           6.3s      2  0.00 
  golden_v3_q092       OK           6.2s      2  0.00 
  golden_v3_q093       OK           6.4s      2  0.00 
  golden_v3_q094       OK          10.0s      2  0.00 
  golden_v3_q095       OK           8.3s      2  0.00 
  golden_v3_q096       OK          23.3s      4  0.00 
  golden_v3_q097       OK          10.8s      2  0.00 
  golden_v3_q098       OK           6.2s      2  0.00 
  golden_v3_q099       OK           7.5s      2  0.00 
  golden_v3_q100       OK           3.5s      2  0.00 
  golden_v3_q101       OK           3.7s      2  0.00 
  golden_v3_q102       OK          12.6s      3  0.00 
  golden_v3_q103       OK          12.3s      3  0.00 
  golden_v3_q104       OK          27.9s      6  1.00 
  golden_v3_q105       OK          12.5s      2  0.00 
  golden_v3_q106       OK          11.5s      3  0.00 
  golden_v3_q107       OK           0.0s      0   N/A 
  golden_v3_q108       OK           0.0s      0   N/A 
  golden_v3_q109       OK           0.0s      0   N/A 
  golden_v3_q110       OK           0.0s      0   N/A 
  golden_v3_q111       OK           0.0s      0   N/A 
  golden_v3_q112       OK           0.0s      0   N/A 
  golden_v3_q113       OK           0.0s      0   N/A 
  golden_v3_q114       OK          64.1s      7  0.42 
  golden_v3_q115       OK          42.4s      5  1.00 
  golden_v3_q116       OK          55.7s      6  0.68 
  golden_v3_q117       OK          17.9s      2  0.00 
  golden_v3_q118       OK          38.0s      5  0.75 
  golden_v3_q119       OK          16.4s      2  0.00 
  golden_v3_q120       OK          62.2s      6  0.67 
  golden_v3_q121       OK          31.2s      5  1.00 
  golden_v3_q122       OK          30.5s      4  1.00 
  golden_v3_q123       OK          25.9s      4  1.00 
  golden_v3_q124       OK          20.5s      6  0.50 
  golden_v3_q125       OK          26.3s      4  0.75 
# Done: 120/120 queries, 0 errors, total 2906s
